[Mon Jul 24 12:33:46 2017] [notice] Digest: generating secret for digest authentication ...
[Mon Jul 24 12:33:46 2017] [notice] Digest: done
[Mon Jul 24 12:33:46 2017] [notice] FastCGI: process manager initialized (pid 44689)
[Mon Jul 24 12:33:46 2017] [notice] Apache/2.2.31 (Unix) mod_wsgi/3.5 Python/2.7.13 PHP/7.1.1 mod_ssl/2.2.31 OpenSSL/1.0.2j DAV/2 mod_fastcgi/2.4.6 mod_perl/2.0.9 Perl/v5.24.0 configured -- resuming normal operations
[Mon Jul 24 12:33:53 2017] [error] [client ::1] File does not exist: /Applications/MAMP/htdocs/docs-assets, referer: http://localhost:8888/MAMP/?language=English
[Mon Jul 24 12:36:05 2017] [notice] caught SIGTERM, shutting down
[Mon Jul 24 12:36:07 2017] [notice] Digest: generating secret for digest authentication ...
[Mon Jul 24 12:36:07 2017] [notice] Digest: done
[Mon Jul 24 12:36:07 2017] [notice] FastCGI: process manager initialized (pid 44846)
[Mon Jul 24 12:36:07 2017] [notice] Apache/2.2.31 (Unix) mod_wsgi/3.5 Python/2.7.13 PHP/7.0.15 mod_ssl/2.2.31 OpenSSL/1.0.2j DAV/2 mod_fastcgi/2.4.6 mod_perl/2.0.9 Perl/v5.24.0 configured -- resuming normal operations
[Mon Jul 24 13:27:23 2017] [error] [client ::1] File does not exist: /Applications/MAMP/htdocs/final-project-master
[Tue Jul 25 11:07:35 2017] [error] [client ::1] File does not exist: /Applications/MAMP/htdocs/docs-assets, referer: http://localhost:8888/MAMP/?language=English
[Tue Jul 25 12:24:49 2017] [error] [client ::1] script '/Applications/MAMP/htdocs/final_project/process.php' not found or unable to stat, referer: http://localhost:8888/final_project/payment.php
[Tue Jul 25 12:34:07 2017] [error] [client ::1] script '/Applications/MAMP/htdocs/final_project/process.php' not found or unable to stat, referer: http://localhost:8888/final_project/payment.php
[Tue Jul 25 12:37:17 2017] [error] [client ::1] script '/Applications/MAMP/htdocs/final_project/cart.php' not found or unable to stat
sendmail: fatal: Rico(501): No recipient addresses found in message header
sendmail: fatal: Rico(501): No recipient addresses found in message header
sendmail: fatal: Rico(501): No recipient addresses found in message header
[Wed Jul 26 20:49:07 2017] [notice] caught SIGTERM, shutting down
[Wed Jul 26 20:49:12 2017] [notice] Digest: generating secret for digest authentication ...
[Wed Jul 26 20:49:12 2017] [notice] Digest: done
[Wed Jul 26 20:49:12 2017] [notice] FastCGI: process manager initialized (pid 7063)
[Wed Jul 26 20:49:12 2017] [notice] Apache/2.2.31 (Unix) mod_wsgi/3.5 Python/2.7.13 PHP/7.0.15 mod_ssl/2.2.31 OpenSSL/1.0.2j DAV/2 mod_fastcgi/2.4.6 mod_perl/2.0.9 Perl/v5.24.0 configured -- resuming normal operations
[Wed Jul 26 21:08:03 2017] [error] [client ::1] client denied by server configuration: /Applications/MAMP/htdocs/home/.DS_Store
[Wed Jul 26 21:08:05 2017] [error] [client ::1] client denied by server configuration: /Applications/MAMP/htdocs/.DS_Store, referer: http://localhost:8888/home/
[Wed Jul 26 21:08:06 2017] [error] [client ::1] client denied by server configuration: /Applications/MAMP/htdocs/Home/.DS_Store, referer: http://localhost:8888/
[Wed Jul 26 21:08:07 2017] [error] [client ::1] client denied by server configuration: /Applications/MAMP/htdocs/Home/.DS_Store, referer: http://localhost:8888/Home/images/
[Wed Jul 26 21:08:08 2017] [error] [client ::1] client denied by server configuration: /Applications/MAMP/htdocs/Home/.DS_Store, referer: http://localhost:8888/Home/images/
[Wed Jul 26 21:08:10 2017] [error] [client ::1] client denied by server configuration: /Applications/MAMP/htdocs/Home/.DS_Store, referer: http://localhost:8888/Home/images/
[Wed Jul 26 21:08:14 2017] [error] [client ::1] client denied by server configuration: /Applications/MAMP/htdocs/.DS_Store
[Wed Jul 26 21:08:15 2017] [error] [client ::1] client denied by server configuration: /Applications/MAMP/htdocs/Home/.DS_Store, referer: http://localhost:8888/
[Wed Jul 26 21:08:17 2017] [error] [client ::1] client denied by server configuration: /Applications/MAMP/htdocs/Home/.DS_Store, referer: http://localhost:8888/Home/images/
[Wed Jul 26 21:08:18 2017] [error] [client ::1] client denied by server configuration: /Applications/MAMP/htdocs/.DS_Store, referer: http://localhost:8888/Home/
[Fri Jul 28 10:58:43 2017] [error] [client ::1] client denied by server configuration: /Applications/MAMP/htdocs/home/.DS_Store
[Fri Jul 28 10:58:57 2017] [error] [client ::1] script '/Applications/MAMP/htdocs/homepage.php' not found or unable to stat
[Fri Jul 28 10:59:42 2017] [error] [client ::1] client denied by server configuration: /Applications/MAMP/htdocs/home/.DS_Store
[Fri Jul 28 10:59:54 2017] [error] [client ::1] client denied by server configuration: /Applications/MAMP/htdocs/home/.DS_Store
[Fri Jul 28 10:59:56 2017] [error] [client ::1] client denied by server configuration: /Applications/MAMP/htdocs/home/.DS_Store
[Fri Jul 28 10:59:56 2017] [error] [client ::1] client denied by server configuration: /Applications/MAMP/htdocs/home/.DS_Store
[Fri Jul 28 10:59:57 2017] [error] [client ::1] client denied by server configuration: /Applications/MAMP/htdocs/home/.DS_Store
[Fri Jul 28 10:59:57 2017] [error] [client ::1] client denied by server configuration: /Applications/MAMP/htdocs/home/.DS_Store
[Fri Jul 28 10:59:57 2017] [error] [client ::1] client denied by server configuration: /Applications/MAMP/htdocs/home/.DS_Store
[Fri Jul 28 10:59:57 2017] [error] [client ::1] client denied by server configuration: /Applications/MAMP/htdocs/home/.DS_Store
[Fri Jul 28 10:59:57 2017] [error] [client ::1] client denied by server configuration: /Applications/MAMP/htdocs/home/.DS_Store
[Fri Jul 28 11:02:05 2017] [error] [client ::1] client denied by server configuration: /Applications/MAMP/htdocs/home/.DS_Store
[Fri Jul 28 13:17:43 2017] [error] [client ::1] client denied by server configuration: /Applications/MAMP/htdocs/home/.DS_Store
[Fri Jul 28 13:19:40 2017] [error] [client ::1] client denied by server configuration: /Applications/MAMP/htdocs/.DS_Store
[Fri Jul 28 13:19:42 2017] [error] [client ::1] client denied by server configuration: /Applications/MAMP/htdocs/home/.DS_Store, referer: http://localhost:8888/
[Fri Jul 28 13:21:20 2017] [error] [client ::1] File does not exist: /Applications/MAMP/htdocs/csshome, referer: http://localhost:8888/home/home.php
[Fri Jul 28 13:24:38 2017] [error] [client ::1] File does not exist: /Applications/MAMP/htdocs/home/csshome/style.css1501262678, referer: http://localhost:8888/home/home.php
[Fri Jul 28 13:24:39 2017] [error] [client ::1] File does not exist: /Applications/MAMP/htdocs/home/csshome/style.css1501262679, referer: http://localhost:8888/home/home.php
[Fri Jul 28 13:24:44 2017] [error] [client ::1] File does not exist: /Applications/MAMP/htdocs/home/csshome/style.css1501262684, referer: http://localhost:8888/home/home.php
[Fri Jul 28 13:24:45 2017] [error] [client ::1] File does not exist: /Applications/MAMP/htdocs/home/csshome/style.css1501262685, referer: http://localhost:8888/home/home.php
[Fri Jul 28 13:25:39 2017] [error] [client ::1] client denied by server configuration: /Applications/MAMP/htdocs/home/.DS_Store
[Fri Jul 28 13:30:10 2017] [notice] caught SIGTERM, shutting down
[Fri Jul 28 13:30:12 2017] [notice] Digest: generating secret for digest authentication ...
[Fri Jul 28 13:30:12 2017] [notice] Digest: done
[Fri Jul 28 13:30:12 2017] [notice] FastCGI: process manager initialized (pid 12554)
[Fri Jul 28 13:30:12 2017] [notice] Apache/2.2.31 (Unix) mod_wsgi/3.5 Python/2.7.13 PHP/7.1.1 mod_ssl/2.2.31 OpenSSL/1.0.2j DAV/2 mod_fastcgi/2.4.6 mod_perl/2.0.9 Perl/v5.24.0 configured -- resuming normal operations
[Fri Jul 28 13:30:29 2017] [error] [client ::1] client denied by server configuration: /Applications/MAMP/htdocs/home/.DS_Store
[Fri Jul 28 13:32:14 2017] [error] [client ::1] File does not exist: /Applications/MAMP/htdocs/csshome, referer: http://localhost:8888/home/home.php
[Fri Jul 28 13:33:47 2017] [error] [client ::1] client denied by server configuration: /Applications/MAMP/htdocs/home/.DS_Store
[Fri Jul 28 13:34:17 2017] [error] [client ::1] client denied by server configuration: /Applications/MAMP/htdocs/home/.DS_Store
[Fri Jul 28 13:36:35 2017] [error] [client ::1] File does not exist: /Applications/MAMP/htdocs/home
[Fri Jul 28 13:36:42 2017] [error] [client ::1] File does not exist: /Applications/MAMP/htdocs/antohny
[Fri Jul 28 13:36:49 2017] [error] [client ::1] File does not exist: /Applications/MAMP/htdocs/anthony/csshome, referer: http://localhost:8888/anthony/home.php
[Fri Jul 28 13:57:38 2017] [error] [client ::1] client denied by server configuration: /Applications/MAMP/htdocs/.DS_Store
[Fri Jul 28 13:59:09 2017] [error] [client ::1] client denied by server configuration: /Applications/MAMP/htdocs/.DS_Store
[Sat Jul 29 20:30:51 2017] [notice] caught SIGTERM, shutting down
[Sat Jul 29 20:46:48 2017] [notice] Digest: generating secret for digest authentication ...
[Sat Jul 29 20:46:48 2017] [notice] Digest: done
[Sat Jul 29 20:46:48 2017] [notice] FastCGI: process manager initialized (pid 1209)
[Sat Jul 29 20:46:48 2017] [notice] Apache/2.2.31 (Unix) mod_wsgi/3.5 Python/2.7.13 PHP/7.1.1 mod_ssl/2.2.31 OpenSSL/1.0.2j DAV/2 mod_fastcgi/2.4.6 mod_perl/2.0.9 Perl/v5.24.0 configured -- resuming normal operations
[Sat Jul 29 20:46:54 2017] [error] [client ::1] File does not exist: /Applications/MAMP/htdocs/docs-assets, referer: http://localhost:8888/MAMP/?language=English
[Sat Jul 29 22:14:31 2017] [error] [client ::1] client denied by server configuration: /Applications/MAMP/htdocs/.DS_Store
[Tue Aug 01 12:46:56 2017] [notice] Digest: generating secret for digest authentication ...
[Tue Aug 01 12:46:56 2017] [notice] Digest: done
[Tue Aug 01 12:46:56 2017] [notice] FastCGI: process manager initialized (pid 1052)
[Tue Aug 01 12:46:56 2017] [notice] Apache/2.2.31 (Unix) mod_wsgi/3.5 Python/2.7.13 PHP/7.1.1 mod_ssl/2.2.31 OpenSSL/1.0.2j DAV/2 mod_fastcgi/2.4.6 mod_perl/2.0.9 Perl/v5.24.0 configured -- resuming normal operations
[Wed Aug 02 07:25:25 2017] [error] [client ::1] File does not exist: /Applications/MAMP/htdocs/home
[Mon Aug 14 23:05:49 2017] [error] [client ::1] client denied by server configuration: /Applications/MAMP/htdocs/.DS_Store
[Mon Aug 14 23:08:13 2017] [notice] caught SIGTERM, shutting down
[Mon Aug 14 23:08:21 2017] [notice] Digest: generating secret for digest authentication ...
[Mon Aug 14 23:08:21 2017] [notice] Digest: done
[Mon Aug 14 23:08:21 2017] [notice] FastCGI: process manager initialized (pid 29464)
[Mon Aug 14 23:08:21 2017] [notice] Apache/2.2.31 (Unix) mod_wsgi/3.5 Python/2.7.13 PHP/7.1.1 mod_ssl/2.2.31 OpenSSL/1.0.2j DAV/2 mod_fastcgi/2.4.6 mod_perl/2.0.9 Perl/v5.24.0 configured -- resuming normal operations
[Mon Aug 14 23:08:43 2017] [notice] caught SIGTERM, shutting down
[Mon Aug 14 23:57:45 2017] [notice] Digest: generating secret for digest authentication ...
[Mon Aug 14 23:57:45 2017] [notice] Digest: done
[Mon Aug 14 23:57:45 2017] [notice] FastCGI: process manager initialized (pid 535)
[Mon Aug 14 23:57:45 2017] [notice] Apache/2.2.31 (Unix) mod_wsgi/3.5 Python/2.7.13 PHP/7.1.1 mod_ssl/2.2.31 OpenSSL/1.0.2j DAV/2 mod_fastcgi/2.4.6 mod_perl/2.0.9 Perl/v5.24.0 configured -- resuming normal operations
[Mon Aug 14 23:58:44 2017] [notice] caught SIGTERM, shutting down
[Mon Aug 14 23:58:46 2017] [notice] Digest: generating secret for digest authentication ...
[Mon Aug 14 23:58:46 2017] [notice] Digest: done
[Mon Aug 14 23:58:46 2017] [notice] FastCGI: process manager initialized (pid 1545)
[Mon Aug 14 23:58:46 2017] [notice] Apache/2.2.31 (Unix) mod_wsgi/3.5 Python/2.7.13 PHP/7.0.15 mod_ssl/2.2.31 OpenSSL/1.0.2j DAV/2 mod_fastcgi/2.4.6 mod_perl/2.0.9 Perl/v5.24.0 configured -- resuming normal operations
[Mon Aug 14 23:59:30 2017] [notice] caught SIGTERM, shutting down
[Mon Aug 14 23:59:33 2017] [notice] Digest: generating secret for digest authentication ...
[Mon Aug 14 23:59:33 2017] [notice] Digest: done
[Mon Aug 14 23:59:33 2017] [notice] FastCGI: process manager initialized (pid 2214)
[Mon Aug 14 23:59:33 2017] [notice] Apache/2.2.31 (Unix) mod_wsgi/3.5 Python/2.7.13 PHP/7.1.1 mod_ssl/2.2.31 OpenSSL/1.0.2j DAV/2 mod_fastcgi/2.4.6 mod_perl/2.0.9 Perl/v5.24.0 configured -- resuming normal operations
[Tue Aug 15 00:22:34 2017] [notice] caught SIGTERM, shutting down
[Wed Aug 16 19:45:22 2017] [notice] Digest: generating secret for digest authentication ...
[Wed Aug 16 19:45:22 2017] [notice] Digest: done
[Wed Aug 16 19:45:22 2017] [notice] FastCGI: process manager initialized (pid 9569)
[Wed Aug 16 19:45:22 2017] [notice] Apache/2.2.31 (Unix) mod_wsgi/3.5 Python/2.7.13 PHP/7.1.1 mod_ssl/2.2.31 OpenSSL/1.0.2j DAV/2 mod_fastcgi/2.4.6 mod_perl/2.0.9 Perl/v5.24.0 configured -- resuming normal operations
[Wed Aug 23 13:07:24 2017] [notice] caught SIGTERM, shutting down
[Wed Aug 23 13:11:19 2017] [notice] Digest: generating secret for digest authentication ...
[Wed Aug 23 13:11:19 2017] [notice] Digest: done
[Wed Aug 23 13:11:19 2017] [notice] FastCGI: process manager initialized (pid 780)
[Wed Aug 23 13:11:19 2017] [notice] Apache/2.2.31 (Unix) mod_wsgi/3.5 Python/2.7.13 PHP/7.1.1 mod_ssl/2.2.31 OpenSSL/1.0.2j DAV/2 mod_fastcgi/2.4.6 mod_perl/2.0.9 Perl/v5.24.0 configured -- resuming normal operations
[Wed Aug 23 14:56:16 2017] [notice] caught SIGTERM, shutting down
[Wed Sep 20 14:55:34 2017] [notice] Digest: generating secret for digest authentication ...
[Wed Sep 20 14:55:34 2017] [notice] Digest: done
[Wed Sep 20 14:55:34 2017] [notice] FastCGI: process manager initialized (pid 22192)
[Wed Sep 20 14:55:34 2017] [notice] Apache/2.2.31 (Unix) mod_wsgi/3.5 Python/2.7.13 PHP/7.1.1 mod_ssl/2.2.31 OpenSSL/1.0.2j DAV/2 mod_fastcgi/2.4.6 mod_perl/2.0.9 Perl/v5.24.0 configured -- resuming normal operations
[Wed Sep 20 14:55:40 2017] [error] [client ::1] File does not exist: /Applications/MAMP/htdocs/docs-assets, referer: http://localhost:8888/MAMP/?language=English
[Fri Sep 29 16:16:59 2017] [notice] caught SIGTERM, shutting down
[Mon Oct 02 13:14:50 2017] [notice] Digest: generating secret for digest authentication ...
[Mon Oct 02 13:14:50 2017] [notice] Digest: done
[Mon Oct 02 13:14:50 2017] [notice] FastCGI: process manager initialized (pid 11006)
[Mon Oct 02 13:14:50 2017] [notice] Apache/2.2.31 (Unix) mod_wsgi/3.5 Python/2.7.13 PHP/7.1.1 mod_ssl/2.2.31 OpenSSL/1.0.2j DAV/2 mod_fastcgi/2.4.6 mod_perl/2.0.9 Perl/v5.24.0 configured -- resuming normal operations
[Mon Oct 02 13:14:56 2017] [error] [client ::1] File does not exist: /Applications/MAMP/htdocs/docs-assets, referer: http://localhost:8888/MAMP/?language=English
sendmail: fatal: Rico(501): No recipient addresses found in message header
[Tue Oct 10 12:24:54 2017] [error] [client ::1] File does not exist: /Applications/MAMP/htdocs/home
[Tue Oct 17 13:52:19 2017] [error] [client ::1] File does not exist: /Applications/MAMP/htdocs/anthony/a, referer: http://localhost:8888/anthony/style.css
[Tue Oct 17 13:53:03 2017] [error] [client ::1] File does not exist: /Applications/MAMP/htdocs/anthony/a, referer: http://localhost:8888/anthony/style.css
[Tue Oct 17 13:53:04 2017] [error] [client ::1] File does not exist: /Applications/MAMP/htdocs/anthony/a, referer: http://localhost:8888/anthony/style.css
[Tue Oct 17 13:53:13 2017] [error] [client ::1] File does not exist: /Applications/MAMP/htdocs/anthony/a, referer: http://localhost:8888/anthony/style.css
[Tue Oct 17 13:54:12 2017] [error] [client ::1] File does not exist: /Applications/MAMP/htdocs/anthony/a, referer: http://localhost:8888/anthony/style.css
[Tue Oct 17 13:54:13 2017] [error] [client ::1] File does not exist: /Applications/MAMP/htdocs/anthony/a, referer: http://localhost:8888/anthony/style.css
[Tue Oct 17 23:20:54 2017] [notice] caught SIGTERM, shutting down
[Tue Oct 17 23:20:59 2017] [notice] Digest: generating secret for digest authentication ...
[Tue Oct 17 23:20:59 2017] [notice] Digest: done
[Tue Oct 17 23:20:59 2017] [notice] FastCGI: process manager initialized (pid 47588)
[Tue Oct 17 23:20:59 2017] [notice] Apache/2.2.31 (Unix) mod_wsgi/3.5 Python/2.7.13 PHP/7.1.1 mod_ssl/2.2.31 OpenSSL/1.0.2j DAV/2 mod_fastcgi/2.4.6 mod_perl/2.0.9 Perl/v5.24.0 configured -- resuming normal operations
[Tue Oct 17 23:22:15 2017] [error] [client ::1] File does not exist: /Applications/MAMP/htdocs/anthony/a, referer: http://localhost:8888/anthony/style.css
[Tue Oct 17 23:23:51 2017] [error] [client ::1] File does not exist: /Applications/MAMP/htdocs/anthony/a, referer: http://localhost:8888/anthony/style.css
[Tue Oct 17 23:24:03 2017] [error] [client ::1] File does not exist: /Applications/MAMP/htdocs/anthony/a, referer: http://localhost:8888/anthony/style.css
[Tue Oct 17 23:24:23 2017] [error] [client ::1] File does not exist: /Applications/MAMP/htdocs/anthony/a, referer: http://localhost:8888/anthony/style.css
[Tue Oct 17 23:25:58 2017] [error] [client ::1] File does not exist: /Applications/MAMP/htdocs/anthony/a, referer: http://localhost:8888/anthony/style.css
[Tue Oct 17 23:25:59 2017] [error] [client ::1] File does not exist: /Applications/MAMP/htdocs/anthony/a, referer: http://localhost:8888/anthony/style.css
[Tue Oct 17 23:26:27 2017] [error] [client ::1] File does not exist: /Applications/MAMP/htdocs/anthony/a, referer: http://localhost:8888/anthony/style.css
[Tue Oct 17 23:26:28 2017] [error] [client ::1] File does not exist: /Applications/MAMP/htdocs/anthony/a, referer: http://localhost:8888/anthony/style.css
[Tue Oct 17 23:26:33 2017] [error] [client ::1] File does not exist: /Applications/MAMP/htdocs/anthony/a, referer: http://localhost:8888/anthony/style.css
[Tue Oct 17 23:26:34 2017] [error] [client ::1] File does not exist: /Applications/MAMP/htdocs/anthony/a, referer: http://localhost:8888/anthony/style.css
[Tue Oct 17 23:26:43 2017] [error] [client ::1] File does not exist: /Applications/MAMP/htdocs/anthony/a, referer: http://localhost:8888/anthony/style.css
[Tue Oct 17 23:26:44 2017] [error] [client ::1] File does not exist: /Applications/MAMP/htdocs/anthony/a, referer: http://localhost:8888/anthony/style.css
[Tue Oct 17 23:26:44 2017] [error] [client ::1] File does not exist: /Applications/MAMP/htdocs/anthony/a, referer: http://localhost:8888/anthony/style.css
[Tue Oct 17 23:26:54 2017] [error] [client ::1] File does not exist: /Applications/MAMP/htdocs/anthony/a, referer: http://localhost:8888/anthony/style.css
[Tue Oct 17 23:27:38 2017] [error] [client ::1] File does not exist: /Applications/MAMP/htdocs/anthony/a, referer: http://localhost:8888/anthony/style.css
[Tue Oct 17 23:29:58 2017] [error] [client ::1] File does not exist: /Applications/MAMP/htdocs/anthony/a, referer: http://localhost:8888/anthony/style.css
[Tue Oct 17 23:30:14 2017] [error] [client ::1] File does not exist: /Applications/MAMP/htdocs/anthony/a, referer: http://localhost:8888/anthony/style.css
[Tue Oct 17 23:30:14 2017] [error] [client ::1] File does not exist: /Applications/MAMP/htdocs/anthony/a, referer: http://localhost:8888/anthony/style.css
[Tue Oct 17 23:31:01 2017] [error] [client ::1] File does not exist: /Applications/MAMP/htdocs/anthony/a, referer: http://localhost:8888/anthony/style.css
[Tue Oct 17 23:31:02 2017] [error] [client ::1] File does not exist: /Applications/MAMP/htdocs/anthony/a, referer: http://localhost:8888/anthony/style.css
[Tue Oct 17 23:31:02 2017] [error] [client ::1] File does not exist: /Applications/MAMP/htdocs/anthony/a, referer: http://localhost:8888/anthony/style.css
[Tue Oct 17 23:31:03 2017] [error] [client ::1] File does not exist: /Applications/MAMP/htdocs/anthony/a, referer: http://localhost:8888/anthony/style.css
[Tue Oct 17 23:31:09 2017] [error] [client ::1] File does not exist: /Applications/MAMP/htdocs/anthony/a, referer: http://localhost:8888/anthony/style.css
[Tue Oct 17 23:32:46 2017] [error] [client ::1] File does not exist: /Applications/MAMP/htdocs/anthony/a, referer: http://localhost:8888/anthony/style.css
[Tue Oct 17 23:32:46 2017] [error] [client ::1] File does not exist: /Applications/MAMP/htdocs/anthony/a, referer: http://localhost:8888/anthony/style.css
[Tue Oct 17 23:33:40 2017] [error] [client ::1] File does not exist: /Applications/MAMP/htdocs/anthony/a, referer: http://localhost:8888/anthony/style.css
[Tue Oct 17 23:33:41 2017] [error] [client ::1] File does not exist: /Applications/MAMP/htdocs/anthony/a, referer: http://localhost:8888/anthony/style.css
[Tue Oct 17 23:34:04 2017] [error] [client ::1] File does not exist: /Applications/MAMP/htdocs/anthony/a, referer: http://localhost:8888/anthony/style.css
[Tue Oct 17 23:34:05 2017] [error] [client ::1] File does not exist: /Applications/MAMP/htdocs/anthony/a, referer: http://localhost:8888/anthony/style.css
[Tue Oct 17 23:34:05 2017] [error] [client ::1] File does not exist: /Applications/MAMP/htdocs/anthony/a, referer: http://localhost:8888/anthony/style.css
[Tue Oct 17 23:37:22 2017] [error] [client ::1] File does not exist: /Applications/MAMP/htdocs/anthony/a, referer: http://localhost:8888/anthony/style.css
[Tue Oct 17 23:37:22 2017] [error] [client ::1] File does not exist: /Applications/MAMP/htdocs/anthony/a, referer: http://localhost:8888/anthony/style.css
[Tue Oct 17 23:37:34 2017] [error] [client ::1] File does not exist: /Applications/MAMP/htdocs/anthony/a, referer: http://localhost:8888/anthony/style.css
[Tue Oct 17 23:37:35 2017] [error] [client ::1] File does not exist: /Applications/MAMP/htdocs/anthony/a, referer: http://localhost:8888/anthony/style.css
[Tue Oct 17 23:37:35 2017] [error] [client ::1] File does not exist: /Applications/MAMP/htdocs/anthony/a, referer: http://localhost:8888/anthony/style.css
[Tue Oct 17 23:37:35 2017] [error] [client ::1] File does not exist: /Applications/MAMP/htdocs/anthony/a, referer: http://localhost:8888/anthony/style.css
[Tue Oct 17 23:37:36 2017] [error] [client ::1] File does not exist: /Applications/MAMP/htdocs/anthony/a, referer: http://localhost:8888/anthony/style.css
[Mon Oct 23 20:45:04 2017] [notice] Digest: generating secret for digest authentication ...
[Mon Oct 23 20:45:04 2017] [notice] Digest: done
[Mon Oct 23 20:45:04 2017] [notice] FastCGI: process manager initialized (pid 8807)
[Mon Oct 23 20:45:04 2017] [notice] Apache/2.2.31 (Unix) mod_wsgi/3.5 Python/2.7.13 PHP/7.1.1 mod_ssl/2.2.31 OpenSSL/1.0.2j DAV/2 mod_fastcgi/2.4.6 mod_perl/2.0.9 Perl/v5.24.0 configured -- resuming normal operations
[Mon Oct 23 20:47:14 2017] [notice] caught SIGTERM, shutting down
[Mon Oct 23 20:47:24 2017] [notice] Digest: generating secret for digest authentication ...
[Mon Oct 23 20:47:24 2017] [notice] Digest: done
[Mon Oct 23 20:47:24 2017] [notice] FastCGI: process manager initialized (pid 10150)
[Mon Oct 23 20:47:24 2017] [notice] Apache/2.2.31 (Unix) mod_wsgi/3.5 Python/2.7.13 PHP/7.1.1 mod_ssl/2.2.31 OpenSSL/1.0.2j DAV/2 mod_fastcgi/2.4.6 mod_perl/2.0.9 Perl/v5.24.0 configured -- resuming normal operations
[Mon Oct 23 20:47:36 2017] [error] [client ::1] File does not exist: /Applications/MAMP/htdocs/anthony/a, referer: http://localhost:8888/anthony/style.css
[Mon Oct 23 20:49:30 2017] [error] [client ::1] File does not exist: /Applications/MAMP/htdocs/anthony/a, referer: http://localhost:8888/anthony/style.css
[Mon Oct 23 20:49:31 2017] [error] [client ::1] File does not exist: /Applications/MAMP/htdocs/anthony/a, referer: http://localhost:8888/anthony/style.css
[Mon Oct 23 20:49:31 2017] [error] [client ::1] File does not exist: /Applications/MAMP/htdocs/anthony/a, referer: http://localhost:8888/anthony/style.css
[Mon Oct 23 20:49:38 2017] [error] [client ::1] File does not exist: /Applications/MAMP/htdocs/anthony/a, referer: http://localhost:8888/anthony/style.css
[Mon Oct 23 20:49:57 2017] [error] [client ::1] File does not exist: /Applications/MAMP/htdocs/anthony/a, referer: http://localhost:8888/anthony/style.css
[Mon Oct 23 20:49:57 2017] [error] [client ::1] File does not exist: /Applications/MAMP/htdocs/anthony/a, referer: http://localhost:8888/anthony/style.css
[Mon Oct 23 20:51:55 2017] [error] [client ::1] File does not exist: /Applications/MAMP/htdocs/anthony/a, referer: http://localhost:8888/anthony/style.css
[Mon Oct 23 20:52:15 2017] [error] [client ::1] File does not exist: /Applications/MAMP/htdocs/anthony/a, referer: http://localhost:8888/anthony/style.css
[Mon Oct 23 20:52:16 2017] [error] [client ::1] File does not exist: /Applications/MAMP/htdocs/anthony/a, referer: http://localhost:8888/anthony/style.css
[Mon Oct 23 20:52:50 2017] [error] [client ::1] File does not exist: /Applications/MAMP/htdocs/anthony/a, referer: http://localhost:8888/anthony/style.css
[Mon Oct 23 20:52:51 2017] [error] [client ::1] File does not exist: /Applications/MAMP/htdocs/anthony/a, referer: http://localhost:8888/anthony/style.css
[Mon Oct 23 20:53:08 2017] [error] [client ::1] File does not exist: /Applications/MAMP/htdocs/anthony/a, referer: http://localhost:8888/anthony/style.css
[Mon Oct 23 20:53:08 2017] [error] [client ::1] File does not exist: /Applications/MAMP/htdocs/anthony/a, referer: http://localhost:8888/anthony/style.css
[Mon Oct 23 20:53:09 2017] [error] [client ::1] File does not exist: /Applications/MAMP/htdocs/anthony/a, referer: http://localhost:8888/anthony/style.css
[Mon Oct 23 20:53:20 2017] [error] [client ::1] File does not exist: /Applications/MAMP/htdocs/anthony/a, referer: http://localhost:8888/anthony/style.css
[Mon Oct 23 20:53:20 2017] [error] [client ::1] File does not exist: /Applications/MAMP/htdocs/anthony/a, referer: http://localhost:8888/anthony/style.css
[Mon Oct 23 20:53:21 2017] [error] [client ::1] File does not exist: /Applications/MAMP/htdocs/anthony/a, referer: http://localhost:8888/anthony/style.css
[Mon Oct 23 20:53:21 2017] [error] [client ::1] File does not exist: /Applications/MAMP/htdocs/anthony/a, referer: http://localhost:8888/anthony/style.css
[Mon Oct 23 20:53:37 2017] [error] [client ::1] File does not exist: /Applications/MAMP/htdocs/anthony/a, referer: http://localhost:8888/anthony/style.css
[Mon Oct 23 20:53:50 2017] [error] [client ::1] File does not exist: /Applications/MAMP/htdocs/anthony/a, referer: http://localhost:8888/anthony/style.css
[Mon Oct 23 20:55:06 2017] [error] [client ::1] File does not exist: /Applications/MAMP/htdocs/anthony/a, referer: http://localhost:8888/anthony/style.css
[Mon Oct 23 20:55:52 2017] [error] [client ::1] File does not exist: /Applications/MAMP/htdocs/anthony/a, referer: http://localhost:8888/anthony/style.css
[Mon Oct 23 20:55:53 2017] [error] [client ::1] File does not exist: /Applications/MAMP/htdocs/anthony/a, referer: http://localhost:8888/anthony/style.css
[Mon Oct 23 20:57:00 2017] [error] [client ::1] File does not exist: /Applications/MAMP/htdocs/anthony/a, referer: http://localhost:8888/anthony/style.css
[Mon Oct 23 20:57:01 2017] [error] [client ::1] File does not exist: /Applications/MAMP/htdocs/anthony/a, referer: http://localhost:8888/anthony/style.css
[Mon Oct 23 20:57:12 2017] [error] [client ::1] File does not exist: /Applications/MAMP/htdocs/anthony/a, referer: http://localhost:8888/anthony/style.css
[Mon Oct 23 20:57:12 2017] [error] [client ::1] File does not exist: /Applications/MAMP/htdocs/anthony/a, referer: http://localhost:8888/anthony/style.css
[Tue Oct 24 23:37:30 2017] [notice] caught SIGTERM, shutting down
[Wed Oct 25 23:13:36 2017] [notice] Digest: generating secret for digest authentication ...
[Wed Oct 25 23:13:36 2017] [notice] Digest: done
[Wed Oct 25 23:13:36 2017] [notice] FastCGI: process manager initialized (pid 4570)
[Wed Oct 25 23:13:36 2017] [notice] Apache/2.2.31 (Unix) mod_wsgi/3.5 Python/2.7.13 PHP/7.1.1 mod_ssl/2.2.31 OpenSSL/1.0.2j DAV/2 mod_fastcgi/2.4.6 mod_perl/2.0.9 Perl/v5.24.0 configured -- resuming normal operations
[Mon Oct 30 20:38:23 2017] [notice] Digest: generating secret for digest authentication ...
[Mon Oct 30 20:38:23 2017] [notice] Digest: done
[Mon Oct 30 20:38:23 2017] [notice] FastCGI: process manager initialized (pid 6153)
[Mon Oct 30 20:38:23 2017] [notice] Apache/2.2.31 (Unix) mod_wsgi/3.5 Python/2.7.13 PHP/7.1.1 mod_ssl/2.2.31 OpenSSL/1.0.2j DAV/2 mod_fastcgi/2.4.6 mod_perl/2.0.9 Perl/v5.24.0 configured -- resuming normal operations
