[25-Jul-2017 17:13:55 Europe/Berlin] PHP Notice:  Undefined index: user in /Applications/MAMP/htdocs/final_project/index.php on line 32
[25-Jul-2017 17:14:04 Europe/Berlin] PHP Notice:  Undefined index: user in /Applications/MAMP/htdocs/final_project/index.php on line 32
[25-Jul-2017 17:15:31 Europe/Berlin] PHP Notice:  Undefined index: carnum in /Applications/MAMP/htdocs/final_project/addFlight.php on line 32
[25-Jul-2017 17:15:46 Europe/Berlin] PHP Notice:  Undefined index: carnum in /Applications/MAMP/htdocs/final_project/addCar.php on line 33
[25-Jul-2017 17:20:18 Europe/Berlin] PHP Notice:  Undefined index: user in /Applications/MAMP/htdocs/final_project/index.php on line 32
[25-Jul-2017 17:35:57 Europe/Berlin] PHP Notice:  Undefined index: username1 in /Applications/MAMP/htdocs/final_project/adduser.php on line 21
[25-Jul-2017 17:35:57 Europe/Berlin] PHP Notice:  Undefined index: password1 in /Applications/MAMP/htdocs/final_project/adduser.php on line 22
[25-Jul-2017 17:35:57 Europe/Berlin] PHP Notice:  Use of undefined constant php - assumed 'php' in /Applications/MAMP/htdocs/final_project/adduser.php on line 28
[25-Jul-2017 17:36:32 Europe/Berlin] PHP Notice:  Undefined index: username1 in /Applications/MAMP/htdocs/final_project/adduser.php on line 21
[25-Jul-2017 17:36:32 Europe/Berlin] PHP Notice:  Undefined index: password1 in /Applications/MAMP/htdocs/final_project/adduser.php on line 22
[25-Jul-2017 17:36:32 Europe/Berlin] PHP Notice:  Use of undefined constant php - assumed 'php' in /Applications/MAMP/htdocs/final_project/adduser.php on line 28
[25-Jul-2017 17:37:32 Europe/Berlin] PHP Notice:  Undefined index: username1 in /Applications/MAMP/htdocs/final_project/adduser.php on line 21
[25-Jul-2017 17:37:32 Europe/Berlin] PHP Notice:  Undefined index: password1 in /Applications/MAMP/htdocs/final_project/adduser.php on line 22
[25-Jul-2017 17:37:32 Europe/Berlin] PHP Notice:  Use of undefined constant php - assumed 'php' in /Applications/MAMP/htdocs/final_project/adduser.php on line 28
[25-Jul-2017 17:37:58 Europe/Berlin] PHP Notice:  Use of undefined constant php - assumed 'php' in /Applications/MAMP/htdocs/final_project/adduser.php on line 28
[25-Jul-2017 17:39:24 Europe/Berlin] PHP Notice:  Use of undefined constant php - assumed 'php' in /Applications/MAMP/htdocs/final_project/adduser.php on line 29
[25-Jul-2017 17:41:48 Europe/Berlin] PHP Notice:  Undefined index: carnum in /Applications/MAMP/htdocs/final_project/addFlight.php on line 32
[25-Jul-2017 17:43:51 Europe/Berlin] PHP Notice:  Undefined index: user in /Applications/MAMP/htdocs/final_project/index.php on line 32
[25-Jul-2017 17:44:43 Europe/Berlin] PHP Notice:  Undefined index: carnum in /Applications/MAMP/htdocs/final_project/addFlight.php on line 32
[25-Jul-2017 17:59:14 Europe/Berlin] PHP Parse error:  syntax error, unexpected '$name' (T_VARIABLE) in /Applications/MAMP/htdocs/final_project/emptycart.php on line 23
[25-Jul-2017 18:05:23 Europe/Berlin] PHP Notice:  Undefined index: user in /Applications/MAMP/htdocs/final_project/index.php on line 32
[25-Jul-2017 18:05:35 Europe/Berlin] PHP Notice:  Undefined index: user in /Applications/MAMP/htdocs/final_project/index.php on line 32
[25-Jul-2017 18:37:36 Europe/Berlin] PHP Notice:  Undefined index: user in /Applications/MAMP/htdocs/final_project/index.php on line 32
[25-Jul-2017 18:37:53 Europe/Berlin] PHP Notice:  Undefined index: carnum in /Applications/MAMP/htdocs/final_project/addFlight.php on line 32
[25-Jul-2017 18:50:41 Europe/Berlin] PHP Notice:  Undefined index: carnum in /Applications/MAMP/htdocs/final_project/addFlight.php on line 32
[25-Jul-2017 19:03:58 Europe/Berlin] PHP Notice:  Undefined index: user in /Applications/MAMP/htdocs/final_project/index.php on line 22
[25-Jul-2017 19:05:14 Europe/Berlin] PHP Notice:  Undefined index: user in /Applications/MAMP/htdocs/final_project/index.php on line 22
[25-Jul-2017 19:05:15 Europe/Berlin] PHP Notice:  Undefined index: user in /Applications/MAMP/htdocs/final_project/index.php on line 22
[25-Jul-2017 19:05:15 Europe/Berlin] PHP Notice:  Undefined index: user in /Applications/MAMP/htdocs/final_project/index.php on line 22
[25-Jul-2017 19:05:15 Europe/Berlin] PHP Notice:  Undefined index: user in /Applications/MAMP/htdocs/final_project/index.php on line 22
[25-Jul-2017 19:05:27 Europe/Berlin] PHP Notice:  Undefined index: user in /Applications/MAMP/htdocs/final_project/index.php on line 22
[25-Jul-2017 19:05:27 Europe/Berlin] PHP Notice:  Undefined index: user in /Applications/MAMP/htdocs/final_project/index.php on line 22
[25-Jul-2017 19:05:27 Europe/Berlin] PHP Notice:  Undefined index: user in /Applications/MAMP/htdocs/final_project/index.php on line 22
[25-Jul-2017 19:05:28 Europe/Berlin] PHP Notice:  Undefined index: user in /Applications/MAMP/htdocs/final_project/index.php on line 22
[25-Jul-2017 19:07:51 Europe/Berlin] PHP Notice:  Undefined index: user in /Applications/MAMP/htdocs/final_project/index.php on line 22
[25-Jul-2017 19:09:54 Europe/Berlin] PHP Notice:  Undefined index: user in /Applications/MAMP/htdocs/final_project/index.php on line 22
[25-Jul-2017 19:10:59 Europe/Berlin] PHP Notice:  Undefined index: user in /Applications/MAMP/htdocs/final_project/flight.php on line 20
[25-Jul-2017 19:12:09 Europe/Berlin] PHP Notice:  Undefined index: carnum in /Applications/MAMP/htdocs/final_project/addFlight.php on line 32
[25-Jul-2017 19:17:39 Europe/Berlin] PHP Notice:  Undefined index: user in /Applications/MAMP/htdocs/final_project/index.php on line 22
[25-Jul-2017 19:19:31 Europe/Berlin] PHP Notice:  Undefined index: user in /Applications/MAMP/htdocs/final_project/index.php on line 22
[25-Jul-2017 19:20:31 Europe/Berlin] PHP Notice:  Undefined index: user in /Applications/MAMP/htdocs/final_project/index.php on line 22
[25-Jul-2017 19:20:34 Europe/Berlin] PHP Notice:  Undefined index: user in /Applications/MAMP/htdocs/final_project/index.php on line 22
[25-Jul-2017 19:21:16 Europe/Berlin] PHP Notice:  Undefined index: user in /Applications/MAMP/htdocs/final_project/index.php on line 22
[25-Jul-2017 19:23:30 Europe/Berlin] PHP Notice:  A session had already been started - ignoring session_start() in /Applications/MAMP/htdocs/final_project/checkout.php on line 18
[25-Jul-2017 19:24:06 Europe/Berlin] PHP Notice:  Undefined index: user in /Applications/MAMP/htdocs/final_project/index.php on line 22
[25-Jul-2017 19:28:39 Europe/Berlin] PHP Notice:  Undefined index: user in /Applications/MAMP/htdocs/final_project/index.php on line 22
[25-Jul-2017 20:08:00 Europe/Berlin] PHP Notice:  Undefined index: user in /Applications/MAMP/htdocs/final_project/checkout.php on line 21
[25-Jul-2017 20:08:00 Europe/Berlin] PHP Notice:  Undefined index: user in /Applications/MAMP/htdocs/final_project/checkout.php on line 22
[25-Jul-2017 20:08:00 Europe/Berlin] PHP Notice:  Undefined index: user in /Applications/MAMP/htdocs/final_project/checkout.php on line 30
[25-Jul-2017 20:39:13 Europe/Berlin] PHP Notice:  Undefined index: carnum in /Applications/MAMP/htdocs/final_project/addFlight.php on line 41
[25-Jul-2017 20:39:23 Europe/Berlin] PHP Notice:  Undefined index: carnum in /Applications/MAMP/htdocs/final_project/addFlight.php on line 41
[26-Jul-2017 16:10:23 Europe/Berlin] PHP Notice:  Undefined index: user in /Applications/MAMP/htdocs/final_project/index.php on line 19
[26-Jul-2017 16:16:57 Europe/Berlin] PHP Notice:  Undefined index: user in /Applications/MAMP/htdocs/final_project/index.php on line 19
[26-Jul-2017 16:17:17 Europe/Berlin] PHP Notice:  Undefined index: carnum in /Applications/MAMP/htdocs/final_project/addFlight.php on line 41
[26-Jul-2017 16:17:22 Europe/Berlin] PHP Notice:  Undefined index: carnum in /Applications/MAMP/htdocs/final_project/addCar.php on line 41
[26-Jul-2017 16:17:27 Europe/Berlin] PHP Notice:  Undefined index: carnum in /Applications/MAMP/htdocs/final_project/addPark.php on line 40
[26-Jul-2017 16:17:47 Europe/Berlin] PHP Notice:  Undefined index: user in /Applications/MAMP/htdocs/final_project/index.php on line 19
[26-Jul-2017 16:18:36 Europe/Berlin] PHP Notice:  Undefined index: user in /Applications/MAMP/htdocs/final_project/index.php on line 19
[26-Jul-2017 16:18:49 Europe/Berlin] PHP Notice:  Undefined index: carnum in /Applications/MAMP/htdocs/final_project/addFlight.php on line 41
[26-Jul-2017 16:18:53 Europe/Berlin] PHP Notice:  Undefined index: carnum in /Applications/MAMP/htdocs/final_project/addCar.php on line 41
[26-Jul-2017 16:18:55 Europe/Berlin] PHP Notice:  Undefined index: carnum in /Applications/MAMP/htdocs/final_project/addPark.php on line 40
[26-Jul-2017 16:19:07 Europe/Berlin] PHP Notice:  Undefined index: user in /Applications/MAMP/htdocs/final_project/index.php on line 19
[26-Jul-2017 16:52:26 Europe/Berlin] PHP Notice:  Undefined index: carnum in /Applications/MAMP/htdocs/final_project/addFlight.php on line 41
[26-Jul-2017 16:52:30 Europe/Berlin] PHP Notice:  Undefined index: carnum in /Applications/MAMP/htdocs/final_project/addCar.php on line 41
[26-Jul-2017 16:52:34 Europe/Berlin] PHP Notice:  Undefined index: carnum in /Applications/MAMP/htdocs/final_project/addPark.php on line 40
[26-Jul-2017 16:53:23 Europe/Berlin] PHP Notice:  Undefined index: carnum in /Applications/MAMP/htdocs/final_project/addFlight.php on line 41
[26-Jul-2017 16:53:26 Europe/Berlin] PHP Notice:  Undefined index: carnum in /Applications/MAMP/htdocs/final_project/addCar.php on line 41
[26-Jul-2017 16:53:30 Europe/Berlin] PHP Notice:  Undefined index: carnum in /Applications/MAMP/htdocs/final_project/addPark.php on line 40
[28-Jul-2017 16:59:33 Europe/Berlin] PHP Notice:  Undefined index: user in /Applications/MAMP/htdocs/final_project/index.php on line 19
[15-Aug-2017 05:05:51 Europe/Berlin] PHP Notice:  Undefined index: user in /Applications/MAMP/htdocs/final_project/index.php on line 19
[15-Aug-2017 05:05:54 Europe/Berlin] PHP Warning:  mysqli::__construct(): (HY000/2002): No such file or directory in /Applications/MAMP/htdocs/final_project/dbconnect.php on line 7
[15-Aug-2017 05:06:01 Europe/Berlin] PHP Notice:  Undefined index: user in /Applications/MAMP/htdocs/final_project/index.php on line 19
[15-Aug-2017 05:06:02 Europe/Berlin] PHP Warning:  mysqli::__construct(): (HY000/2002): No such file or directory in /Applications/MAMP/htdocs/final_project/dbconnect.php on line 7
[15-Aug-2017 05:06:29 Europe/Berlin] PHP Notice:  Undefined index: user in /Applications/MAMP/htdocs/final_project/index.php on line 19
[15-Aug-2017 05:06:31 Europe/Berlin] PHP Warning:  mysqli::__construct(): (HY000/2002): No such file or directory in /Applications/MAMP/htdocs/final_project/dbconnect.php on line 7
[15-Aug-2017 05:06:33 Europe/Berlin] PHP Notice:  Undefined index: user in /Applications/MAMP/htdocs/final_project/index.php on line 19
[15-Aug-2017 05:06:34 Europe/Berlin] PHP Warning:  mysqli::__construct(): (HY000/2002): No such file or directory in /Applications/MAMP/htdocs/final_project/dbconnect.php on line 7
[15-Aug-2017 05:06:36 Europe/Berlin] PHP Notice:  Undefined index: user in /Applications/MAMP/htdocs/final_project/index.php on line 19
[15-Aug-2017 05:06:38 Europe/Berlin] PHP Warning:  mysqli::__construct(): (HY000/2002): No such file or directory in /Applications/MAMP/htdocs/final_project/dbconnect.php on line 7
[15-Aug-2017 05:57:49 Europe/Berlin] PHP Warning:  mysqli::__construct(): (HY000/2002): No such file or directory in /Applications/MAMP/htdocs/final_project/dbconnect.php on line 7
[23-Aug-2017 19:11:47 Europe/Berlin] PHP Notice:  Undefined index: user in /Applications/MAMP/htdocs/final_project/index.php on line 19
[23-Aug-2017 19:11:52 Europe/Berlin] PHP Notice:  Undefined index: user in /Applications/MAMP/htdocs/final_project/index.php on line 19
[23-Aug-2017 19:11:54 Europe/Berlin] PHP Warning:  mysqli::__construct(): (HY000/2002): No such file or directory in /Applications/MAMP/htdocs/final_project/dbconnect.php on line 7
[23-Aug-2017 19:11:58 Europe/Berlin] PHP Warning:  mysqli::__construct(): (HY000/2002): No such file or directory in /Applications/MAMP/htdocs/final_project/dbconnect.php on line 7
[24-Sep-2017 16:09:55 Europe/Berlin] PHP Notice:  Undefined index: user in /Applications/MAMP/htdocs/final_project/index.php on line 19
[02-Oct-2017 19:14:59 Europe/Berlin] PHP Notice:  Undefined index: user in /Applications/MAMP/htdocs/final_project/index.php on line 19
[02-Oct-2017 19:16:17 Europe/Berlin] PHP Notice:  Undefined index: user in /Applications/MAMP/htdocs/final_project/index.php on line 19
[12-Oct-2017 15:59:59 Europe/Berlin] PHP Notice:  Undefined index: user in /Applications/MAMP/htdocs/final_project/index.php on line 19
